Performing C++ SOURCE FILE Test CXXFLAG_WCAST_ALIGN_STRICT_OKAY failed with the following output:
Change Dir: /Users/macuser/Desktop/Comp Sci/CS211/final_project/cmake-build-debug/CMakeFiles/CMakeScratch/TryCompile-DeLU9b

Run Build Command(s):/usr/bin/make -f Makefile cmTC_4bf71/fast && /Library/Developer/CommandLineTools/usr/bin/make  -f CMakeFiles/cmTC_4bf71.dir/build.make CMakeFiles/cmTC_4bf71.dir/build
Building CXX object CMakeFiles/cmTC_4bf71.dir/src.cxx.o
/Library/Developer/CommandLineTools/usr/bin/c++ -DCXXFLAG_WCAST_ALIGN_STRICT_OKAY  -isysroot /Library/Developer/CommandLineTools/SDKs/MacOSX13.1.sdk -mmacosx-version-min=12.6 -fcolor-diagnostics   -Wcast-align=strict -MD -MT CMakeFiles/cmTC_4bf71.dir/src.cxx.o -MF CMakeFiles/cmTC_4bf71.dir/src.cxx.o.d -o CMakeFiles/cmTC_4bf71.dir/src.cxx.o -c "/Users/macuser/Desktop/Comp Sci/CS211/final_project/cmake-build-debug/CMakeFiles/CMakeScratch/TryCompile-DeLU9b/src.cxx"
[0;1;35mwarning: [0m[1munknown warning option '-Wcast-align=strict'; did you mean '-Wcast-align'? [-Wunknown-warning-option][0m
1 warning generated.
Linking CXX executable cmTC_4bf71
/Applications/CLion.app/Contents/bin/cmake/mac/bin/cmake -E cmake_link_script CMakeFiles/cmTC_4bf71.dir/link.txt --verbose=1
/Library/Developer/CommandLineTools/usr/bin/c++  -isysroot /Library/Developer/CommandLineTools/SDKs/MacOSX13.1.sdk -mmacosx-version-min=12.6 -Wl,-search_paths_first -Wl,-headerpad_max_install_names CMakeFiles/cmTC_4bf71.dir/src.cxx.o -o cmTC_4bf71 


Source file was:
int main() { return 0; }

Performing C++ SOURCE FILE Test CXXFLAG_WERROR_BOOL_COMPARE_OKAY failed with the following output:
Change Dir: /Users/macuser/Desktop/Comp Sci/CS211/final_project/cmake-build-debug/CMakeFiles/CMakeScratch/TryCompile-1VwY2A

Run Build Command(s):/usr/bin/make -f Makefile cmTC_4a05e/fast && /Library/Developer/CommandLineTools/usr/bin/make  -f CMakeFiles/cmTC_4a05e.dir/build.make CMakeFiles/cmTC_4a05e.dir/build
Building CXX object CMakeFiles/cmTC_4a05e.dir/src.cxx.o
/Library/Developer/CommandLineTools/usr/bin/c++ -DCXXFLAG_WERROR_BOOL_COMPARE_OKAY  -isysroot /Library/Developer/CommandLineTools/SDKs/MacOSX13.1.sdk -mmacosx-version-min=12.6 -fcolor-diagnostics   -Werror=bool-compare -MD -MT CMakeFiles/cmTC_4a05e.dir/src.cxx.o -MF CMakeFiles/cmTC_4a05e.dir/src.cxx.o.d -o CMakeFiles/cmTC_4a05e.dir/src.cxx.o -c "/Users/macuser/Desktop/Comp Sci/CS211/final_project/cmake-build-debug/CMakeFiles/CMakeScratch/TryCompile-1VwY2A/src.cxx"
[0;1;35mwarning: [0m[1munknown warning option '-Werror=bool-compare' [-Wunknown-warning-option][0m
1 warning generated.
Linking CXX executable cmTC_4a05e
/Applications/CLion.app/Contents/bin/cmake/mac/bin/cmake -E cmake_link_script CMakeFiles/cmTC_4a05e.dir/link.txt --verbose=1
/Library/Developer/CommandLineTools/usr/bin/c++  -isysroot /Library/Developer/CommandLineTools/SDKs/MacOSX13.1.sdk -mmacosx-version-min=12.6 -Wl,-search_paths_first -Wl,-headerpad_max_install_names CMakeFiles/cmTC_4a05e.dir/src.cxx.o -o cmTC_4a05e 


Source file was:
int main() { return 0; }

